<?xml version="1.0" encoding="UTF-8"?>
<coverage generated="1619287242711" clover="3.2.0">
  <project timestamp="1619287242711" name="All files">
    <metrics statements="114" coveredstatements="114" conditionals="80" coveredconditionals="75" methods="24" coveredmethods="24" elements="218" coveredelements="213" complexity="0" loc="114" ncloc="114" packages="1" files="1" classes="1"/>
    <file name="binaryTree.ts" path="C:\Users\User\Desktop\Other\HomeWork\Bootcamp\homeworks\03-data-structure\binary-tree\binaryTree.ts">
      <metrics statements="114" coveredstatements="114" conditionals="80" coveredconditionals="75" methods="24" coveredmethods="24"/>
      <line num="10" count="1" type="stmt"/>
      <line num="17" count="40" type="cond" truecount="2" falsecount="2"/>
      <line num="18" count="20" type="stmt"/>
      <line num="19" count="20" type="stmt"/>
      <line num="20" count="20" type="stmt"/>
      <line num="21" count="20" type="stmt"/>
      <line num="23" count="1" type="stmt"/>
      <line num="26" count="1" type="stmt"/>
      <line num="31" count="1" type="stmt"/>
      <line num="32" count="28" type="stmt"/>
      <line num="34" count="28" type="cond" truecount="2" falsecount="0"/>
      <line num="35" count="43" type="cond" truecount="2" falsecount="0"/>
      <line num="37" count="28" type="stmt"/>
      <line num="40" count="1" type="stmt"/>
      <line num="41" count="1" type="stmt"/>
      <line num="43" count="1" type="stmt"/>
      <line num="44" count="1" type="stmt"/>
      <line num="46" count="1" type="stmt"/>
      <line num="49" count="1" type="stmt"/>
      <line num="51" count="5" type="cond" truecount="4" falsecount="0"/>
      <line num="52" count="1" type="stmt"/>
      <line num="53" count="1" type="stmt"/>
      <line num="54" count="1" type="stmt"/>
      <line num="55" count="4" type="cond" truecount="2" falsecount="0"/>
      <line num="56" count="1" type="cond" truecount="1" falsecount="1"/>
      <line num="57" count="3" type="cond" truecount="2" falsecount="0"/>
      <line num="58" count="1" type="cond" truecount="1" falsecount="1"/>
      <line num="60" count="2" type="cond" truecount="2" falsecount="0"/>
      <line num="61" count="1" type="stmt"/>
      <line num="63" count="1" type="cond" truecount="1" falsecount="1"/>
      <line num="67" count="1" type="stmt"/>
      <line num="68" count="16" type="stmt"/>
      <line num="69" count="16" type="cond" truecount="2" falsecount="0"/>
      <line num="70" count="16" type="cond" truecount="2" falsecount="0"/>
      <line num="73" count="1" type="stmt"/>
      <line num="74" count="22" type="cond" truecount="2" falsecount="0"/>
      <line num="75" count="22" type="cond" truecount="2" falsecount="0"/>
      <line num="76" count="22" type="cond" truecount="2" falsecount="0"/>
      <line num="79" count="1" type="stmt"/>
      <line num="80" count="9" type="cond" truecount="2" falsecount="0"/>
      <line num="81" count="9" type="cond" truecount="2" falsecount="0"/>
      <line num="82" count="9" type="stmt"/>
      <line num="85" count="1" type="stmt"/>
      <line num="86" count="2" type="stmt"/>
      <line num="87" count="2" type="stmt"/>
      <line num="89" count="2" type="stmt"/>
      <line num="90" count="14" type="stmt"/>
      <line num="91" count="14" type="stmt"/>
      <line num="92" count="14" type="cond" truecount="2" falsecount="0"/>
      <line num="93" count="14" type="cond" truecount="2" falsecount="0"/>
      <line num="97" count="1" type="stmt"/>
      <line num="98" count="11" type="stmt"/>
      <line num="99" count="11" type="cond" truecount="2" falsecount="0"/>
      <line num="100" count="11" type="cond" truecount="2" falsecount="0"/>
      <line num="103" count="1" type="stmt"/>
      <line num="104" count="4" type="cond" truecount="2" falsecount="0"/>
      <line num="107" count="1" type="stmt"/>
      <line num="108" count="13" type="cond" truecount="2" falsecount="0"/>
      <line num="109" count="13" type="cond" truecount="2" falsecount="0"/>
      <line num="110" count="13" type="stmt"/>
      <line num="114" count="2" type="stmt"/>
      <line num="115" count="2" type="stmt"/>
      <line num="118" count="1" type="stmt"/>
      <line num="119" count="1" type="stmt"/>
      <line num="122" count="1" type="stmt"/>
      <line num="123" count="2" type="stmt"/>
      <line num="126" count="1" type="stmt"/>
      <line num="127" count="22" type="stmt"/>
      <line num="130" count="1" type="stmt"/>
      <line num="131" count="21" type="cond" truecount="2" falsecount="0"/>
      <line num="132" count="1" type="stmt"/>
      <line num="134" count="20" type="cond" truecount="2" falsecount="0"/>
      <line num="135" count="16" type="stmt"/>
      <line num="136" count="16" type="stmt"/>
      <line num="138" count="16" type="stmt"/>
      <line num="139" count="29" type="stmt"/>
      <line num="140" count="29" type="cond" truecount="2" falsecount="0"/>
      <line num="143" count="16" type="stmt"/>
      <line num="144" count="16" type="cond" truecount="2" falsecount="0"/>
      <line num="145" count="7" type="stmt"/>
      <line num="146" count="7" type="stmt"/>
      <line num="148" count="9" type="stmt"/>
      <line num="149" count="9" type="stmt"/>
      <line num="152" count="4" type="stmt"/>
      <line num="155" count="20" type="stmt"/>
      <line num="158" count="1" type="stmt"/>
      <line num="159" count="6" type="stmt"/>
      <line num="161" count="6" type="cond" truecount="4" falsecount="0"/>
      <line num="162" count="4" type="stmt"/>
      <line num="163" count="4" type="stmt"/>
      <line num="164" count="4" type="stmt"/>
      <line num="167" count="6" type="cond" truecount="2" falsecount="0"/>
      <line num="168" count="1" type="stmt"/>
      <line num="171" count="1" type="stmt"/>
      <line num="172" count="9" type="stmt"/>
      <line num="174" count="9" type="stmt"/>
      <line num="176" count="2" type="cond" truecount="2" falsecount="0"/>
      <line num="177" count="2" type="stmt"/>
      <line num="179" count="2" type="cond" truecount="2" falsecount="0"/>
      <line num="180" count="2" type="stmt"/>
      <line num="182" count="1" type="cond" truecount="2" falsecount="0"/>
      <line num="183" count="1" type="stmt"/>
      <line num="185" count="12" type="cond" truecount="2" falsecount="0"/>
      <line num="186" count="4" type="stmt"/>
      <line num="189" count="9" type="stmt"/>
      <line num="192" count="1" type="stmt"/>
      <line num="193" count="2" type="stmt"/>
      <line num="194" count="10" type="stmt"/>
      <line num="195" count="2" type="stmt"/>
      <line num="198" count="1" type="stmt"/>
      <line num="199" count="2" type="cond" truecount="2" falsecount="0"/>
      <line num="200" count="2" type="stmt"/>
      <line num="201" count="2" type="stmt"/>
      <line num="203" count="1" type="stmt"/>
    </file>
  </project>
</coverage>
