{"C:\\Users\\User\\Desktop\\Other\\HomeWork\\Bootcamp\\homeworks\\03-data-structure\\binary-tree\\binaryTree.ts": {"path":"C:\\Users\\User\\Desktop\\Other\\HomeWork\\Bootcamp\\homeworks\\03-data-structure\\binary-tree\\binaryTree.ts","statementMap":{"0":{"start":{"line":10,"column":0},"end":{"line":10,"column":null}},"1":{"start":{"line":17,"column":37},"end":{"line":17,"column":82}},"2":{"start":{"line":17,"column":82},"end":{"line":17,"column":null}},"3":{"start":{"line":18,"column":8},"end":{"line":18,"column":null}},"4":{"start":{"line":19,"column":8},"end":{"line":19,"column":null}},"5":{"start":{"line":20,"column":8},"end":{"line":20,"column":null}},"6":{"start":{"line":21,"column":8},"end":{"line":21,"column":null}},"7":{"start":{"line":23,"column":0},"end":{"line":23,"column":null}},"8":{"start":{"line":26,"column":0},"end":{"line":26,"column":13}},"9":{"start":{"line":114,"column":8},"end":{"line":114,"column":null}},"10":{"start":{"line":115,"column":8},"end":{"line":115,"column":null}},"11":{"start":{"line":31,"column":12},"end":{"line":38,"column":null}},"12":{"start":{"line":32,"column":55},"end":{"line":32,"column":64}},"13":{"start":{"line":34,"column":8},"end":{"line":35,"column":null}},"14":{"start":{"line":35,"column":12},"end":{"line":35,"column":null}},"15":{"start":{"line":37,"column":8},"end":{"line":37,"column":null}},"16":{"start":{"line":40,"column":12},"end":{"line":47,"column":null}},"17":{"start":{"line":41,"column":50},"end":{"line":41,"column":55}},"18":{"start":{"line":43,"column":8},"end":{"line":44,"column":null}},"19":{"start":{"line":44,"column":12},"end":{"line":44,"column":null}},"20":{"start":{"line":46,"column":8},"end":{"line":46,"column":24}},"21":{"start":{"line":49,"column":12},"end":{"line":65,"column":null}},"22":{"start":{"line":51,"column":8},"end":{"line":64,"column":null}},"23":{"start":{"line":52,"column":27},"end":{"line":52,"column":65}},"24":{"start":{"line":53,"column":12},"end":{"line":53,"column":null}},"25":{"start":{"line":54,"column":12},"end":{"line":54,"column":43}},"26":{"start":{"line":55,"column":15},"end":{"line":64,"column":null}},"27":{"start":{"line":56,"column":12},"end":{"line":56,"column":null}},"28":{"start":{"line":57,"column":15},"end":{"line":64,"column":null}},"29":{"start":{"line":58,"column":12},"end":{"line":58,"column":null}},"30":{"start":{"line":60,"column":12},"end":{"line":63,"column":null}},"31":{"start":{"line":61,"column":16},"end":{"line":61,"column":null}},"32":{"start":{"line":63,"column":16},"end":{"line":63,"column":null}},"33":{"start":{"line":67,"column":12},"end":{"line":71,"column":null}},"34":{"start":{"line":68,"column":8},"end":{"line":68,"column":null}},"35":{"start":{"line":69,"column":8},"end":{"line":69,"column":null}},"36":{"start":{"line":70,"column":8},"end":{"line":70,"column":null}},"37":{"start":{"line":73,"column":12},"end":{"line":77,"column":null}},"38":{"start":{"line":74,"column":8},"end":{"line":74,"column":null}},"39":{"start":{"line":75,"column":8},"end":{"line":75,"column":null}},"40":{"start":{"line":76,"column":8},"end":{"line":76,"column":null}},"41":{"start":{"line":79,"column":12},"end":{"line":83,"column":null}},"42":{"start":{"line":80,"column":8},"end":{"line":80,"column":null}},"43":{"start":{"line":81,"column":8},"end":{"line":81,"column":null}},"44":{"start":{"line":82,"column":8},"end":{"line":82,"column":null}},"45":{"start":{"line":85,"column":12},"end":{"line":95,"column":null}},"46":{"start":{"line":86,"column":54},"end":{"line":86,"column":56}},"47":{"start":{"line":87,"column":8},"end":{"line":87,"column":null}},"48":{"start":{"line":89,"column":8},"end":{"line":94,"column":null}},"49":{"start":{"line":90,"column":58},"end":{"line":90,"column":74}},"50":{"start":{"line":91,"column":12},"end":{"line":91,"column":null}},"51":{"start":{"line":92,"column":12},"end":{"line":92,"column":null}},"52":{"start":{"line":93,"column":12},"end":{"line":93,"column":null}},"53":{"start":{"line":97,"column":12},"end":{"line":101,"column":null}},"54":{"start":{"line":98,"column":8},"end":{"line":98,"column":null}},"55":{"start":{"line":99,"column":8},"end":{"line":99,"column":null}},"56":{"start":{"line":100,"column":8},"end":{"line":100,"column":null}},"57":{"start":{"line":103,"column":12},"end":{"line":105,"column":null}},"58":{"start":{"line":104,"column":8},"end":{"line":104,"column":null}},"59":{"start":{"line":107,"column":12},"end":{"line":111,"column":null}},"60":{"start":{"line":108,"column":8},"end":{"line":108,"column":null}},"61":{"start":{"line":109,"column":8},"end":{"line":109,"column":null}},"62":{"start":{"line":110,"column":8},"end":{"line":110,"column":null}},"63":{"start":{"line":118,"column":11},"end":{"line":120,"column":null}},"64":{"start":{"line":119,"column":8},"end":{"line":119,"column":null}},"65":{"start":{"line":122,"column":11},"end":{"line":124,"column":null}},"66":{"start":{"line":123,"column":8},"end":{"line":123,"column":null}},"67":{"start":{"line":126,"column":11},"end":{"line":128,"column":null}},"68":{"start":{"line":127,"column":8},"end":{"line":127,"column":null}},"69":{"start":{"line":130,"column":11},"end":{"line":156,"column":null}},"70":{"start":{"line":131,"column":8},"end":{"line":132,"column":18}},"71":{"start":{"line":132,"column":12},"end":{"line":132,"column":18}},"72":{"start":{"line":134,"column":8},"end":{"line":153,"column":null}},"73":{"start":{"line":135,"column":53},"end":{"line":135,"column":62}},"74":{"start":{"line":136,"column":52},"end":{"line":136,"column":61}},"75":{"start":{"line":138,"column":12},"end":{"line":141,"column":null}},"76":{"start":{"line":139,"column":16},"end":{"line":139,"column":33}},"77":{"start":{"line":140,"column":16},"end":{"line":140,"column":null}},"78":{"start":{"line":143,"column":55},"end":{"line":143,"column":91}},"79":{"start":{"line":144,"column":12},"end":{"line":150,"column":null}},"80":{"start":{"line":145,"column":16},"end":{"line":145,"column":null}},"81":{"start":{"line":146,"column":16},"end":{"line":146,"column":null}},"82":{"start":{"line":148,"column":16},"end":{"line":148,"column":null}},"83":{"start":{"line":149,"column":16},"end":{"line":149,"column":null}},"84":{"start":{"line":152,"column":12},"end":{"line":152,"column":null}},"85":{"start":{"line":155,"column":8},"end":{"line":155,"column":null}},"86":{"start":{"line":158,"column":11},"end":{"line":169,"column":null}},"87":{"start":{"line":159,"column":57},"end":{"line":159,"column":87}},"88":{"start":{"line":161,"column":8},"end":{"line":165,"column":null}},"89":{"start":{"line":162,"column":12},"end":{"line":162,"column":null}},"90":{"start":{"line":163,"column":12},"end":{"line":163,"column":null}},"91":{"start":{"line":164,"column":12},"end":{"line":164,"column":null}},"92":{"start":{"line":167,"column":8},"end":{"line":168,"column":null}},"93":{"start":{"line":168,"column":12},"end":{"line":168,"column":null}},"94":{"start":{"line":171,"column":11},"end":{"line":190,"column":null}},"95":{"start":{"line":172,"column":38},"end":{"line":172,"column":40}},"96":{"start":{"line":174,"column":8},"end":{"line":187,"column":null}},"97":{"start":{"line":176,"column":16},"end":{"line":176,"column":null}},"98":{"start":{"line":177,"column":16},"end":{"line":177,"column":21}},"99":{"start":{"line":179,"column":16},"end":{"line":179,"column":null}},"100":{"start":{"line":180,"column":16},"end":{"line":180,"column":21}},"101":{"start":{"line":182,"column":16},"end":{"line":182,"column":null}},"102":{"start":{"line":183,"column":16},"end":{"line":183,"column":21}},"103":{"start":{"line":185,"column":16},"end":{"line":185,"column":null}},"104":{"start":{"line":185,"column":95},"end":{"line":185,"column":100}},"105":{"start":{"line":186,"column":16},"end":{"line":186,"column":21}},"106":{"start":{"line":189,"column":8},"end":{"line":189,"column":null}},"107":{"start":{"line":192,"column":11},"end":{"line":196,"column":null}},"108":{"start":{"line":193,"column":38},"end":{"line":193,"column":40}},"109":{"start":{"line":194,"column":8},"end":{"line":194,"column":null}},"110":{"start":{"line":194,"column":96},"end":{"line":194,"column":125}},"111":{"start":{"line":195,"column":8},"end":{"line":195,"column":null}},"112":{"start":{"line":198,"column":11},"end":{"line":202,"column":null}},"113":{"start":{"line":199,"column":8},"end":{"line":199,"column":null}},"114":{"start":{"line":200,"column":8},"end":{"line":200,"column":null}},"115":{"start":{"line":201,"column":8},"end":{"line":201,"column":null}},"116":{"start":{"line":203,"column":0},"end":{"line":203,"column":null}},"117":{"start":{"line":26,"column":13},"end":{"line":26,"column":23}}},"fnMap":{"0":{"name":"(anonymous_0)","decl":{"start":{"line":10,"column":0},"end":{"line":10,"column":null}},"loc":{"start":{"line":10,"column":0},"end":{"line":23,"column":null}}},"1":{"name":"BinaryTreeNode","decl":{"start":{"line":17,"column":4},"end":{"line":17,"column":16}},"loc":{"start":{"line":17,"column":109},"end":{"line":22,"column":5}}},"2":{"name":"(anonymous_2)","decl":{"start":{"line":26,"column":0},"end":{"line":26,"column":13}},"loc":{"start":{"line":26,"column":0},"end":{"line":203,"column":null}}},"3":{"name":"BinaryTree","decl":{"start":{"line":113,"column":4},"end":{"line":113,"column":null}},"loc":{"start":{"line":113,"column":4},"end":{"line":116,"column":5}}},"4":{"name":"(anonymous_4)","decl":{"start":{"line":31,"column":4},"end":{"line":31,"column":12}},"loc":{"start":{"line":31,"column":38},"end":{"line":38,"column":5}}},"5":{"name":"(anonymous_5)","decl":{"start":{"line":40,"column":4},"end":{"line":40,"column":12}},"loc":{"start":{"line":40,"column":60},"end":{"line":47,"column":5}}},"6":{"name":"(anonymous_6)","decl":{"start":{"line":49,"column":4},"end":{"line":49,"column":12}},"loc":{"start":{"line":49,"column":61},"end":{"line":65,"column":5}}},"7":{"name":"(anonymous_7)","decl":{"start":{"line":67,"column":4},"end":{"line":67,"column":12}},"loc":{"start":{"line":67,"column":99},"end":{"line":71,"column":5}}},"8":{"name":"(anonymous_8)","decl":{"start":{"line":73,"column":4},"end":{"line":73,"column":12}},"loc":{"start":{"line":73,"column":137},"end":{"line":77,"column":5}}},"9":{"name":"(anonymous_9)","decl":{"start":{"line":79,"column":4},"end":{"line":79,"column":12}},"loc":{"start":{"line":79,"column":100},"end":{"line":83,"column":5}}},"10":{"name":"(anonymous_10)","decl":{"start":{"line":85,"column":4},"end":{"line":85,"column":12}},"loc":{"start":{"line":85,"column":94},"end":{"line":95,"column":5}}},"11":{"name":"(anonymous_11)","decl":{"start":{"line":97,"column":4},"end":{"line":97,"column":12}},"loc":{"start":{"line":97,"column":104},"end":{"line":101,"column":5}}},"12":{"name":"(anonymous_12)","decl":{"start":{"line":103,"column":4},"end":{"line":103,"column":12}},"loc":{"start":{"line":103,"column":4},"end":{"line":105,"column":5}}},"13":{"name":"(anonymous_13)","decl":{"start":{"line":107,"column":4},"end":{"line":107,"column":12}},"loc":{"start":{"line":107,"column":65},"end":{"line":111,"column":5}}},"14":{"name":"(anonymous_14)","decl":{"start":{"line":118,"column":4},"end":{"line":118,"column":11}},"loc":{"start":{"line":118,"column":4},"end":{"line":120,"column":5}}},"15":{"name":"(anonymous_15)","decl":{"start":{"line":122,"column":4},"end":{"line":122,"column":11}},"loc":{"start":{"line":122,"column":4},"end":{"line":124,"column":5}}},"16":{"name":"(anonymous_16)","decl":{"start":{"line":126,"column":4},"end":{"line":126,"column":11}},"loc":{"start":{"line":126,"column":36},"end":{"line":128,"column":5}}},"17":{"name":"(anonymous_17)","decl":{"start":{"line":130,"column":4},"end":{"line":130,"column":11}},"loc":{"start":{"line":130,"column":37},"end":{"line":156,"column":5}}},"18":{"name":"(anonymous_18)","decl":{"start":{"line":158,"column":4},"end":{"line":158,"column":11}},"loc":{"start":{"line":158,"column":41},"end":{"line":169,"column":5}}},"19":{"name":"(anonymous_19)","decl":{"start":{"line":171,"column":4},"end":{"line":171,"column":11}},"loc":{"start":{"line":171,"column":43},"end":{"line":190,"column":5}}},"20":{"name":"(anonymous_20)","decl":{"start":{"line":185,"column":89},"end":{"line":185,"column":95}},"loc":{"start":{"line":185,"column":89},"end":{"line":185,"column":99}}},"21":{"name":"(anonymous_21)","decl":{"start":{"line":192,"column":4},"end":{"line":192,"column":11}},"loc":{"start":{"line":192,"column":35},"end":{"line":196,"column":5}}},"22":{"name":"(anonymous_22)","decl":{"start":{"line":194,"column":59},"end":{"line":194,"column":60}},"loc":{"start":{"line":194,"column":91},"end":{"line":194,"column":100}}},"23":{"name":"(anonymous_23)","decl":{"start":{"line":198,"column":4},"end":{"line":198,"column":11}},"loc":{"start":{"line":198,"column":4},"end":{"line":202,"column":5}}}},"branchMap":{"0":{"loc":{"start":{"line":17,"column":37},"end":{"line":17,"column":82}},"type":"if","locations":[{"start":{"line":17,"column":37},"end":{"line":17,"column":82}},{"start":{"line":17,"column":37},"end":{"line":17,"column":82}}]},"1":{"loc":{"start":{"line":17,"column":82},"end":{"line":17,"column":null}},"type":"if","locations":[{"start":{"line":17,"column":82},"end":{"line":17,"column":null}},{"start":{"line":17,"column":82},"end":{"line":17,"column":null}}]},"2":{"loc":{"start":{"line":34,"column":15},"end":{"line":34,"column":37}},"type":"binary-expr","locations":[{"start":{"line":34,"column":15},"end":{"line":34,"column":37}},{"start":{"line":34,"column":41},"end":{"line":34,"column":68}}]},"3":{"loc":{"start":{"line":35,"column":58},"end":{"line":35,"column":81}},"type":"cond-expr","locations":[{"start":{"line":35,"column":58},"end":{"line":35,"column":81}},{"start":{"line":35,"column":84},"end":{"line":35,"column":108}}]},"4":{"loc":{"start":{"line":51,"column":8},"end":{"line":64,"column":null}},"type":"if","locations":[{"start":{"line":51,"column":8},"end":{"line":64,"column":null}},{"start":{"line":51,"column":8},"end":{"line":64,"column":null}}]},"5":{"loc":{"start":{"line":51,"column":12},"end":{"line":51,"column":37}},"type":"binary-expr","locations":[{"start":{"line":51,"column":12},"end":{"line":51,"column":37}},{"start":{"line":51,"column":41},"end":{"line":51,"column":66}}]},"6":{"loc":{"start":{"line":55,"column":15},"end":{"line":64,"column":null}},"type":"if","locations":[{"start":{"line":55,"column":15},"end":{"line":64,"column":null}},{"start":{"line":55,"column":15},"end":{"line":64,"column":null}}]},"7":{"loc":{"start":{"line":56,"column":52},"end":{"line":56,"column":94}},"type":"cond-expr","locations":[{"start":{"line":56,"column":52},"end":{"line":56,"column":94}},{"start":{"line":56,"column":99},"end":{"line":56,"column":142}}]},"8":{"loc":{"start":{"line":57,"column":15},"end":{"line":64,"column":null}},"type":"if","locations":[{"start":{"line":57,"column":15},"end":{"line":64,"column":null}},{"start":{"line":57,"column":15},"end":{"line":64,"column":null}}]},"9":{"loc":{"start":{"line":58,"column":53},"end":{"line":58,"column":97}},"type":"cond-expr","locations":[{"start":{"line":58,"column":53},"end":{"line":58,"column":97}},{"start":{"line":58,"column":102},"end":{"line":58,"column":145}}]},"10":{"loc":{"start":{"line":60,"column":12},"end":{"line":63,"column":null}},"type":"if","locations":[{"start":{"line":60,"column":12},"end":{"line":63,"column":null}},{"start":{"line":60,"column":12},"end":{"line":63,"column":null}}]},"11":{"loc":{"start":{"line":63,"column":56},"end":{"line":63,"column":86}},"type":"cond-expr","locations":[{"start":{"line":63,"column":56},"end":{"line":63,"column":86}},{"start":{"line":63,"column":91},"end":{"line":63,"column":122}}]},"12":{"loc":{"start":{"line":69,"column":8},"end":{"line":69,"column":38}},"type":"binary-expr","locations":[{"start":{"line":69,"column":8},"end":{"line":69,"column":38}},{"start":{"line":69,"column":42},"end":{"line":69,"column":105}}]},"13":{"loc":{"start":{"line":70,"column":8},"end":{"line":70,"column":39}},"type":"binary-expr","locations":[{"start":{"line":70,"column":8},"end":{"line":70,"column":39}},{"start":{"line":70,"column":43},"end":{"line":70,"column":107}}]},"14":{"loc":{"start":{"line":74,"column":8},"end":{"line":74,"column":38}},"type":"binary-expr","locations":[{"start":{"line":74,"column":8},"end":{"line":74,"column":38}},{"start":{"line":74,"column":42},"end":{"line":74,"column":114}}]},"15":{"loc":{"start":{"line":75,"column":8},"end":{"line":75,"column":29}},"type":"binary-expr","locations":[{"start":{"line":75,"column":8},"end":{"line":75,"column":29}},{"start":{"line":75,"column":33},"end":{"line":75,"column":65}}]},"16":{"loc":{"start":{"line":76,"column":8},"end":{"line":76,"column":39}},"type":"binary-expr","locations":[{"start":{"line":76,"column":8},"end":{"line":76,"column":39}},{"start":{"line":76,"column":43},"end":{"line":76,"column":116}}]},"17":{"loc":{"start":{"line":80,"column":8},"end":{"line":80,"column":38}},"type":"binary-expr","locations":[{"start":{"line":80,"column":8},"end":{"line":80,"column":38}},{"start":{"line":80,"column":42},"end":{"line":80,"column":106}}]},"18":{"loc":{"start":{"line":81,"column":8},"end":{"line":81,"column":39}},"type":"binary-expr","locations":[{"start":{"line":81,"column":8},"end":{"line":81,"column":39}},{"start":{"line":81,"column":43},"end":{"line":81,"column":108}}]},"19":{"loc":{"start":{"line":92,"column":12},"end":{"line":92,"column":41}},"type":"binary-expr","locations":[{"start":{"line":92,"column":12},"end":{"line":92,"column":41}},{"start":{"line":92,"column":45},"end":{"line":92,"column":80}}]},"20":{"loc":{"start":{"line":93,"column":12},"end":{"line":93,"column":42}},"type":"binary-expr","locations":[{"start":{"line":93,"column":12},"end":{"line":93,"column":42}},{"start":{"line":93,"column":46},"end":{"line":93,"column":82}}]},"21":{"loc":{"start":{"line":99,"column":8},"end":{"line":99,"column":38}},"type":"binary-expr","locations":[{"start":{"line":99,"column":8},"end":{"line":99,"column":38}},{"start":{"line":99,"column":42},"end":{"line":99,"column":119}}]},"22":{"loc":{"start":{"line":100,"column":8},"end":{"line":100,"column":39}},"type":"binary-expr","locations":[{"start":{"line":100,"column":8},"end":{"line":100,"column":39}},{"start":{"line":100,"column":43},"end":{"line":100,"column":121}}]},"23":{"loc":{"start":{"line":104,"column":8},"end":{"line":104,"column":26}},"type":"binary-expr","locations":[{"start":{"line":104,"column":8},"end":{"line":104,"column":26}},{"start":{"line":104,"column":30},"end":{"line":104,"column":77}}]},"24":{"loc":{"start":{"line":108,"column":8},"end":{"line":108,"column":38}},"type":"binary-expr","locations":[{"start":{"line":108,"column":8},"end":{"line":108,"column":38}},{"start":{"line":108,"column":42},"end":{"line":108,"column":84}}]},"25":{"loc":{"start":{"line":109,"column":8},"end":{"line":109,"column":39}},"type":"binary-expr","locations":[{"start":{"line":109,"column":8},"end":{"line":109,"column":39}},{"start":{"line":109,"column":43},"end":{"line":109,"column":86}}]},"26":{"loc":{"start":{"line":131,"column":8},"end":{"line":132,"column":18}},"type":"if","locations":[{"start":{"line":131,"column":8},"end":{"line":132,"column":18}},{"start":{"line":131,"column":8},"end":{"line":132,"column":18}}]},"27":{"loc":{"start":{"line":134,"column":8},"end":{"line":153,"column":null}},"type":"if","locations":[{"start":{"line":134,"column":8},"end":{"line":153,"column":null}},{"start":{"line":134,"column":8},"end":{"line":153,"column":null}}]},"28":{"loc":{"start":{"line":140,"column":54},"end":{"line":140,"column":71}},"type":"cond-expr","locations":[{"start":{"line":140,"column":54},"end":{"line":140,"column":71}},{"start":{"line":140,"column":74},"end":{"line":140,"column":92}}]},"29":{"loc":{"start":{"line":144,"column":12},"end":{"line":150,"column":null}},"type":"if","locations":[{"start":{"line":144,"column":12},"end":{"line":150,"column":null}},{"start":{"line":144,"column":12},"end":{"line":150,"column":null}}]},"30":{"loc":{"start":{"line":161,"column":8},"end":{"line":165,"column":null}},"type":"if","locations":[{"start":{"line":161,"column":8},"end":{"line":165,"column":null}},{"start":{"line":161,"column":8},"end":{"line":165,"column":null}}]},"31":{"loc":{"start":{"line":161,"column":12},"end":{"line":161,"column":34}},"type":"binary-expr","locations":[{"start":{"line":161,"column":12},"end":{"line":161,"column":34}},{"start":{"line":161,"column":38},"end":{"line":161,"column":51}}]},"32":{"loc":{"start":{"line":167,"column":8},"end":{"line":168,"column":null}},"type":"if","locations":[{"start":{"line":167,"column":8},"end":{"line":168,"column":null}},{"start":{"line":167,"column":8},"end":{"line":168,"column":null}}]},"33":{"loc":{"start":{"line":175,"column":12},"end":{"line":177,"column":21}},"type":"switch","locations":[{"start":{"line":175,"column":12},"end":{"line":177,"column":21}},{"start":{"line":178,"column":12},"end":{"line":180,"column":21}},{"start":{"line":181,"column":12},"end":{"line":183,"column":21}},{"start":{"line":184,"column":12},"end":{"line":186,"column":21}}]},"34":{"loc":{"start":{"line":176,"column":16},"end":{"line":176,"column":34}},"type":"binary-expr","locations":[{"start":{"line":176,"column":16},"end":{"line":176,"column":34}},{"start":{"line":176,"column":38},"end":{"line":176,"column":84}}]},"35":{"loc":{"start":{"line":179,"column":16},"end":{"line":179,"column":34}},"type":"binary-expr","locations":[{"start":{"line":179,"column":16},"end":{"line":179,"column":34}},{"start":{"line":179,"column":38},"end":{"line":179,"column":89}}]},"36":{"loc":{"start":{"line":182,"column":16},"end":{"line":182,"column":34}},"type":"binary-expr","locations":[{"start":{"line":182,"column":16},"end":{"line":182,"column":34}},{"start":{"line":182,"column":38},"end":{"line":182,"column":90}}]},"37":{"loc":{"start":{"line":185,"column":16},"end":{"line":185,"column":34}},"type":"binary-expr","locations":[{"start":{"line":185,"column":16},"end":{"line":185,"column":34}},{"start":{"line":185,"column":38},"end":{"line":185,"column":100}}]},"38":{"loc":{"start":{"line":199,"column":8},"end":{"line":199,"column":26}},"type":"binary-expr","locations":[{"start":{"line":199,"column":8},"end":{"line":199,"column":26}},{"start":{"line":199,"column":30},"end":{"line":199,"column":60}}]}},"s":{"0":1,"1":20,"2":40,"3":20,"4":20,"5":20,"6":20,"7":1,"8":1,"9":2,"10":2,"11":1,"12":28,"13":28,"14":43,"15":28,"16":1,"17":1,"18":1,"19":1,"20":1,"21":1,"22":5,"23":1,"24":1,"25":1,"26":4,"27":1,"28":3,"29":1,"30":2,"31":1,"32":1,"33":1,"34":16,"35":16,"36":16,"37":1,"38":22,"39":22,"40":22,"41":1,"42":9,"43":9,"44":9,"45":1,"46":2,"47":2,"48":2,"49":14,"50":14,"51":14,"52":14,"53":1,"54":11,"55":11,"56":11,"57":1,"58":4,"59":1,"60":13,"61":13,"62":13,"63":1,"64":1,"65":1,"66":2,"67":1,"68":22,"69":1,"70":21,"71":1,"72":20,"73":16,"74":16,"75":16,"76":29,"77":29,"78":16,"79":16,"80":7,"81":7,"82":9,"83":9,"84":4,"85":20,"86":1,"87":6,"88":6,"89":4,"90":4,"91":4,"92":6,"93":1,"94":1,"95":9,"96":9,"97":2,"98":2,"99":2,"100":2,"101":1,"102":1,"103":4,"104":12,"105":4,"106":9,"107":1,"108":2,"109":2,"110":10,"111":2,"112":1,"113":2,"114":2,"115":2,"116":1,"117":1},"f":{"0":1,"1":20,"2":1,"3":2,"4":28,"5":1,"6":5,"7":16,"8":22,"9":9,"10":2,"11":11,"12":4,"13":13,"14":1,"15":2,"16":22,"17":21,"18":6,"19":9,"20":12,"21":2,"22":10,"23":2},"b":{"0":[0,20],"1":[20,0],"2":[71,48],"3":[15,28],"4":[1,4],"5":[5,2],"6":[1,3],"7":[1,0],"8":[1,2],"9":[1,0],"10":[1,1],"11":[0,1],"12":[16,6],"13":[16,8],"14":[22,8],"15":[22,15],"16":[22,9],"17":[9,3],"18":[9,5],"19":[14,5],"20":[14,7],"21":[11,4],"22":[11,4],"23":[4,3],"24":[13,5],"25":[13,6],"26":[1,20],"27":[16,4],"28":[12,17],"29":[7,9],"30":[4,2],"31":[6,4],"32":[1,5],"33":[2,2,1,4],"34":[2,2],"35":[2,2],"36":[1,1],"37":[4,3],"38":[2,2]}}
}
