TN:
SF:binaryTree.ts
FN:10,(anonymous_0)
FN:17,BinaryTreeNode
FN:26,(anonymous_2)
FN:113,BinaryTree
FN:31,(anonymous_4)
FN:40,(anonymous_5)
FN:49,(anonymous_6)
FN:67,(anonymous_7)
FN:73,(anonymous_8)
FN:79,(anonymous_9)
FN:85,(anonymous_10)
FN:97,(anonymous_11)
FN:103,(anonymous_12)
FN:107,(anonymous_13)
FN:118,(anonymous_14)
FN:122,(anonymous_15)
FN:126,(anonymous_16)
FN:130,(anonymous_17)
FN:158,(anonymous_18)
FN:171,(anonymous_19)
FN:185,(anonymous_20)
FN:192,(anonymous_21)
FN:194,(anonymous_22)
FN:198,(anonymous_23)
FNF:24
FNH:24
FNDA:1,(anonymous_0)
FNDA:20,BinaryTreeNode
FNDA:1,(anonymous_2)
FNDA:2,BinaryTree
FNDA:28,(anonymous_4)
FNDA:1,(anonymous_5)
FNDA:5,(anonymous_6)
FNDA:16,(anonymous_7)
FNDA:22,(anonymous_8)
FNDA:9,(anonymous_9)
FNDA:2,(anonymous_10)
FNDA:11,(anonymous_11)
FNDA:4,(anonymous_12)
FNDA:13,(anonymous_13)
FNDA:1,(anonymous_14)
FNDA:2,(anonymous_15)
FNDA:22,(anonymous_16)
FNDA:21,(anonymous_17)
FNDA:6,(anonymous_18)
FNDA:9,(anonymous_19)
FNDA:12,(anonymous_20)
FNDA:2,(anonymous_21)
FNDA:10,(anonymous_22)
FNDA:2,(anonymous_23)
DA:10,1
DA:17,40
DA:18,20
DA:19,20
DA:20,20
DA:21,20
DA:23,1
DA:26,1
DA:31,1
DA:32,28
DA:34,28
DA:35,43
DA:37,28
DA:40,1
DA:41,1
DA:43,1
DA:44,1
DA:46,1
DA:49,1
DA:51,5
DA:52,1
DA:53,1
DA:54,1
DA:55,4
DA:56,1
DA:57,3
DA:58,1
DA:60,2
DA:61,1
DA:63,1
DA:67,1
DA:68,16
DA:69,16
DA:70,16
DA:73,1
DA:74,22
DA:75,22
DA:76,22
DA:79,1
DA:80,9
DA:81,9
DA:82,9
DA:85,1
DA:86,2
DA:87,2
DA:89,2
DA:90,14
DA:91,14
DA:92,14
DA:93,14
DA:97,1
DA:98,11
DA:99,11
DA:100,11
DA:103,1
DA:104,4
DA:107,1
DA:108,13
DA:109,13
DA:110,13
DA:114,2
DA:115,2
DA:118,1
DA:119,1
DA:122,1
DA:123,2
DA:126,1
DA:127,22
DA:130,1
DA:131,21
DA:132,1
DA:134,20
DA:135,16
DA:136,16
DA:138,16
DA:139,29
DA:140,29
DA:143,16
DA:144,16
DA:145,7
DA:146,7
DA:148,9
DA:149,9
DA:152,4
DA:155,20
DA:158,1
DA:159,6
DA:161,6
DA:162,4
DA:163,4
DA:164,4
DA:167,6
DA:168,1
DA:171,1
DA:172,9
DA:174,9
DA:176,2
DA:177,2
DA:179,2
DA:180,2
DA:182,1
DA:183,1
DA:185,12
DA:186,4
DA:189,9
DA:192,1
DA:193,2
DA:194,10
DA:195,2
DA:198,1
DA:199,2
DA:200,2
DA:201,2
DA:203,1
LF:114
LH:114
BRDA:17,0,0,0
BRDA:17,0,1,20
BRDA:17,1,0,20
BRDA:17,1,1,0
BRDA:34,2,0,71
BRDA:34,2,1,48
BRDA:35,3,0,15
BRDA:35,3,1,28
BRDA:51,4,0,1
BRDA:51,4,1,4
BRDA:51,5,0,5
BRDA:51,5,1,2
BRDA:55,6,0,1
BRDA:55,6,1,3
BRDA:56,7,0,1
BRDA:56,7,1,0
BRDA:57,8,0,1
BRDA:57,8,1,2
BRDA:58,9,0,1
BRDA:58,9,1,0
BRDA:60,10,0,1
BRDA:60,10,1,1
BRDA:63,11,0,0
BRDA:63,11,1,1
BRDA:69,12,0,16
BRDA:69,12,1,6
BRDA:70,13,0,16
BRDA:70,13,1,8
BRDA:74,14,0,22
BRDA:74,14,1,8
BRDA:75,15,0,22
BRDA:75,15,1,15
BRDA:76,16,0,22
BRDA:76,16,1,9
BRDA:80,17,0,9
BRDA:80,17,1,3
BRDA:81,18,0,9
BRDA:81,18,1,5
BRDA:92,19,0,14
BRDA:92,19,1,5
BRDA:93,20,0,14
BRDA:93,20,1,7
BRDA:99,21,0,11
BRDA:99,21,1,4
BRDA:100,22,0,11
BRDA:100,22,1,4
BRDA:104,23,0,4
BRDA:104,23,1,3
BRDA:108,24,0,13
BRDA:108,24,1,5
BRDA:109,25,0,13
BRDA:109,25,1,6
BRDA:131,26,0,1
BRDA:131,26,1,20
BRDA:134,27,0,16
BRDA:134,27,1,4
BRDA:140,28,0,12
BRDA:140,28,1,17
BRDA:144,29,0,7
BRDA:144,29,1,9
BRDA:161,30,0,4
BRDA:161,30,1,2
BRDA:161,31,0,6
BRDA:161,31,1,4
BRDA:167,32,0,1
BRDA:167,32,1,5
BRDA:175,33,0,2
BRDA:175,33,1,2
BRDA:175,33,2,1
BRDA:175,33,3,4
BRDA:176,34,0,2
BRDA:176,34,1,2
BRDA:179,35,0,2
BRDA:179,35,1,2
BRDA:182,36,0,1
BRDA:182,36,1,1
BRDA:185,37,0,4
BRDA:185,37,1,3
BRDA:199,38,0,2
BRDA:199,38,1,2
BRF:80
BRH:75
end_of_record
